빌드 시작: 2015-10-20 오후 6:45:10
     1>2 노드의 "C:\Users\w66_000\Documents\GitHub\cshape\code\vc_files\shape.vcxproj" 프로젝트(Build 대상)입니다.
     1>ClCompile:
         C:\Program Files (x86)\Microsoft Visual Studio 12.0\VC\bin\CL.exe /c /I../qhull /I../GL/lib /ZI /nologo /W3 /WX- /Od /Oy- /D _CRT_SECURE_NO_WARNINGS /D _MBCS /D _MBCS /D OPENGL_ON /Gm /EHsc /RTC1 /MDd /GS /fp:precise /Zc:wchar_t /Zc:forScope /Fo"Debug\\" /Fd"Debug\vc120.pdb" /Gd /TC /analyze- /errorReport:prompt ..\crust.c
         crust.c
     1>c:\users\w66_000\documents\github\cshape\code\crust.c(372): warning C4013: 'Delaunay'이(가) 정의되지 않았습니다. extern은 int형을 반환하는 것으로 간주합니다.
       Link:
         C:\Program Files (x86)\Microsoft Visual Studio 12.0\VC\bin\link.exe /ERRORREPORT:PROMPT /OUT:"C:\Users\w66_000\Documents\GitHub\cshape\code\vc_files\Debug\..\..\..\bin\shape.exe" /INCREMENTAL /NOLOGO /LIBPATH:../GL/lib/GL glut32.lib kernel32.lib user32.lib gdi32.lib winspool.lib comdlg32.lib advapi32.lib shell32.lib ole32.lib oleaut32.lib uuid.lib odbc32.lib odbccp32.lib kernel32.lib user32.lib gdi32.lib winspool.lib comdlg32.lib advapi32.lib shell32.lib ole32.lib oleaut32.lib uuid.lib odbc32.lib odbccp32.lib /MANIFEST /MANIFESTUAC:"level='asInvoker' uiAccess='false'" /manifest:embed /DEBUG /PDB:"C:\Users\w66_000\Documents\GitHub\cshape\code\vc_files\Debug\..\..\..\bin\shape.pdb" /TLBID:1 /DYNAMICBASE /NXCOMPAT /IMPLIB:"C:\Users\w66_000\Documents\GitHub\cshape\code\vc_files\Debug\..\..\..\bin\shape.lib" /MACHINE:X86 "Debug\alpha-shape.obj"
         Debug\crust.obj
         Debug\delaunay.obj
         Debug\gli.obj
         Debug\main.obj
         Debug\shape.obj
         ..\qhull\qhull.lib
     1>LINK : warning LNK4098: 'MSVCRT' defaultlib가 다른 라이브러리와 충돌합니다. /NODEFAULTLIB:library를 사용하십시오.
     1>qhull.lib(geom.obj) : warning LNK4099: 'qhullstatic.pdb' PDB를 'qhull.lib(geom.obj)' 또는 'C:\Users\w66_000\Documents\GitHub\cshape\bin\qhullstatic.pdb'에서 찾을 수 없습니다. 디버그 정보가 없는 것처럼 개체를 링크합니다.
     1>qhull.lib(geom2.obj) : warning LNK4099: 'qhullstatic.pdb' PDB를 'qhull.lib(geom2.obj)' 또는 'C:\Users\w66_000\Documents\GitHub\cshape\bin\qhullstatic.pdb'에서 찾을 수 없습니다. 디버그 정보가 없는 것처럼 개체를 링크합니다.
     1>qhull.lib(global.obj) : warning LNK4099: 'qhullstatic.pdb' PDB를 'qhull.lib(global.obj)' 또는 'C:\Users\w66_000\Documents\GitHub\cshape\bin\qhullstatic.pdb'에서 찾을 수 없습니다. 디버그 정보가 없는 것처럼 개체를 링크합니다.
     1>qhull.lib(io.obj) : warning LNK4099: 'qhullstatic.pdb' PDB를 'qhull.lib(io.obj)' 또는 'C:\Users\w66_000\Documents\GitHub\cshape\bin\qhullstatic.pdb'에서 찾을 수 없습니다. 디버그 정보가 없는 것처럼 개체를 링크합니다.
     1>qhull.lib(libqhull.obj) : warning LNK4099: 'qhullstatic.pdb' PDB를 'qhull.lib(libqhull.obj)' 또는 'C:\Users\w66_000\Documents\GitHub\cshape\bin\qhullstatic.pdb'에서 찾을 수 없습니다. 디버그 정보가 없는 것처럼 개체를 링크합니다.
     1>qhull.lib(mem.obj) : warning LNK4099: 'qhullstatic.pdb' PDB를 'qhull.lib(mem.obj)' 또는 'C:\Users\w66_000\Documents\GitHub\cshape\bin\qhullstatic.pdb'에서 찾을 수 없습니다. 디버그 정보가 없는 것처럼 개체를 링크합니다.
     1>qhull.lib(merge.obj) : warning LNK4099: 'qhullstatic.pdb' PDB를 'qhull.lib(merge.obj)' 또는 'C:\Users\w66_000\Documents\GitHub\cshape\bin\qhullstatic.pdb'에서 찾을 수 없습니다. 디버그 정보가 없는 것처럼 개체를 링크합니다.
     1>qhull.lib(poly.obj) : warning LNK4099: 'qhullstatic.pdb' PDB를 'qhull.lib(poly.obj)' 또는 'C:\Users\w66_000\Documents\GitHub\cshape\bin\qhullstatic.pdb'에서 찾을 수 없습니다. 디버그 정보가 없는 것처럼 개체를 링크합니다.
     1>qhull.lib(poly2.obj) : warning LNK4099: 'qhullstatic.pdb' PDB를 'qhull.lib(poly2.obj)' 또는 'C:\Users\w66_000\Documents\GitHub\cshape\bin\qhullstatic.pdb'에서 찾을 수 없습니다. 디버그 정보가 없는 것처럼 개체를 링크합니다.
     1>qhull.lib(qset.obj) : warning LNK4099: 'qhullstatic.pdb' PDB를 'qhull.lib(qset.obj)' 또는 'C:\Users\w66_000\Documents\GitHub\cshape\bin\qhullstatic.pdb'에서 찾을 수 없습니다. 디버그 정보가 없는 것처럼 개체를 링크합니다.
     1>qhull.lib(random.obj) : warning LNK4099: 'qhullstatic.pdb' PDB를 'qhull.lib(random.obj)' 또는 'C:\Users\w66_000\Documents\GitHub\cshape\bin\qhullstatic.pdb'에서 찾을 수 없습니다. 디버그 정보가 없는 것처럼 개체를 링크합니다.
     1>qhull.lib(stat.obj) : warning LNK4099: 'qhullstatic.pdb' PDB를 'qhull.lib(stat.obj)' 또는 'C:\Users\w66_000\Documents\GitHub\cshape\bin\qhullstatic.pdb'에서 찾을 수 없습니다. 디버그 정보가 없는 것처럼 개체를 링크합니다.
     1>qhull.lib(user.obj) : warning LNK4099: 'qhullstatic.pdb' PDB를 'qhull.lib(user.obj)' 또는 'C:\Users\w66_000\Documents\GitHub\cshape\bin\qhullstatic.pdb'에서 찾을 수 없습니다. 디버그 정보가 없는 것처럼 개체를 링크합니다.
     1>qhull.lib(usermem.obj) : warning LNK4099: 'qhullstatic.pdb' PDB를 'qhull.lib(usermem.obj)' 또는 'C:\Users\w66_000\Documents\GitHub\cshape\bin\qhullstatic.pdb'에서 찾을 수 없습니다. 디버그 정보가 없는 것처럼 개체를 링크합니다.
     1>qhull.lib(userprintf.obj) : warning LNK4099: 'qhullstatic.pdb' PDB를 'qhull.lib(userprintf.obj)' 또는 'C:\Users\w66_000\Documents\GitHub\cshape\bin\qhullstatic.pdb'에서 찾을 수 없습니다. 디버그 정보가 없는 것처럼 개체를 링크합니다.
         shape.vcxproj -> C:\Users\w66_000\Documents\GitHub\cshape\code\vc_files\Debug\..\..\..\bin\shape.exe
     1>"C:\Users\w66_000\Documents\GitHub\cshape\code\vc_files\shape.vcxproj" 프로젝트를 빌드했습니다(Build 대상).

빌드했습니다.

경과 시간: 00:00:00.43
